<?xml version="1.0" encoding="UTF-8"?>
<!-- Generated by org.testng.reporters.JUnitXMLReporter -->
<testsuite ignored="3" hostname="SSPL-E450-0049" failures="0" tests="2" name="Default test" time="5.583" errors="0" timestamp="2020-06-03T10:54:39 IST">
  <testcase classname="Tests.Script" name="passLogin" time="1.554"/>
  <testcase classname="Tests.Script" name="changePassword" time="0.832"/>
  <testcase classname="Tests.Script" name="failLogin" time="0.0">
    <ignored/>
  </testcase> <!-- failLogin -->
  <testcase classname="Tests.Script" name="registration" time="0.0">
    <ignored/>
  </testcase> <!-- registration -->
  <testcase classname="Tests.Script" name="flightBooking" time="0.0">
    <ignored/>
  </testcase> <!-- flightBooking -->
</testsuite> <!-- Default test -->
